[debug] [2024-02-01T10:54:23.088Z] ----------------------------------------------------------------------
[debug] [2024-02-01T10:54:23.090Z] Command:       /Users/nimra/.nvm/versions/node/v16.20.0/bin/node /Volumes/Drive D/Projects/toiyabev2-admin/node_modules/.bin/firebase deploy --only functions
[debug] [2024-02-01T10:54:23.090Z] CLI Version:   12.5.4
[debug] [2024-02-01T10:54:23.090Z] Platform:      darwin
[debug] [2024-02-01T10:54:23.091Z] Node Version:  v16.20.0
[debug] [2024-02-01T10:54:23.092Z] Time:          Thu Feb 01 2024 15:54:23 GMT+0500 (Pakistan Standard Time)
[debug] [2024-02-01T10:54:23.092Z] ----------------------------------------------------------------------
[debug] 
[debug] [2024-02-01T10:54:23.166Z] > command requires scopes: ["email","openid","https://www.googleapis.com/auth/cloudplatformprojects.readonly","https://www.googleapis.com/auth/firebase","https://www.googleapis.com/auth/cloud-platform"]
[debug] [2024-02-01T10:54:23.166Z] > authorizing via signed-in user (zubair@chopdawg.com)
[debug] [2024-02-01T10:54:23.166Z] [iam] checking project tihp-mobile-app for permissions ["cloudfunctions.functions.create","cloudfunctions.functions.delete","cloudfunctions.functions.get","cloudfunctions.functions.list","cloudfunctions.functions.update","cloudfunctions.operations.get","firebase.projects.get"]
[debug] [2024-02-01T10:54:23.168Z] >>> [apiv2][query] POST https://cloudresourcemanager.googleapis.com/v1/projects/tihp-mobile-app:testIamPermissions [none]
[debug] [2024-02-01T10:54:23.168Z] >>> [apiv2][(partial)header] POST https://cloudresourcemanager.googleapis.com/v1/projects/tihp-mobile-app:testIamPermissions x-goog-quota-user=projects/tihp-mobile-app
[debug] [2024-02-01T10:54:23.169Z] >>> [apiv2][body] POST https://cloudresourcemanager.googleapis.com/v1/projects/tihp-mobile-app:testIamPermissions {"permissions":["cloudfunctions.functions.create","cloudfunctions.functions.delete","cloudfunctions.functions.get","cloudfunctions.functions.list","cloudfunctions.functions.update","cloudfunctions.operations.get","firebase.projects.get"]}
[debug] [2024-02-01T10:54:23.786Z] <<< [apiv2][status] POST https://cloudresourcemanager.googleapis.com/v1/projects/tihp-mobile-app:testIamPermissions 200
[debug] [2024-02-01T10:54:23.786Z] <<< [apiv2][body] POST https://cloudresourcemanager.googleapis.com/v1/projects/tihp-mobile-app:testIamPermissions {"permissions":["cloudfunctions.functions.create","cloudfunctions.functions.delete","cloudfunctions.functions.get","cloudfunctions.functions.list","cloudfunctions.functions.update","cloudfunctions.operations.get","firebase.projects.get"]}
[debug] [2024-02-01T10:54:23.787Z] >>> [apiv2][query] POST https://iam.googleapis.com/v1/projects/tihp-mobile-app/serviceAccounts/tihp-mobile-app@appspot.gserviceaccount.com:testIamPermissions [none]
[debug] [2024-02-01T10:54:23.787Z] >>> [apiv2][body] POST https://iam.googleapis.com/v1/projects/tihp-mobile-app/serviceAccounts/tihp-mobile-app@appspot.gserviceaccount.com:testIamPermissions {"permissions":["iam.serviceAccounts.actAs"]}
[debug] [2024-02-01T10:54:24.384Z] <<< [apiv2][status] POST https://iam.googleapis.com/v1/projects/tihp-mobile-app/serviceAccounts/tihp-mobile-app@appspot.gserviceaccount.com:testIamPermissions 200
[debug] [2024-02-01T10:54:24.384Z] <<< [apiv2][body] POST https://iam.googleapis.com/v1/projects/tihp-mobile-app/serviceAccounts/tihp-mobile-app@appspot.gserviceaccount.com:testIamPermissions {"permissions":["iam.serviceAccounts.actAs"]}
[info] 
[info] === Deploying to 'tihp-mobile-app'...
[info] 
[info] i  deploying functions 
[info] Running command: npm --prefix "$RESOURCE_DIR" run build
[info] ✔  functions: Finished running predeploy script. 
[debug] [2024-02-01T10:54:28.178Z] >>> [apiv2][query] GET https://firebase.googleapis.com/v1beta1/projects/tihp-mobile-app [none]
[debug] [2024-02-01T10:54:29.215Z] <<< [apiv2][status] GET https://firebase.googleapis.com/v1beta1/projects/tihp-mobile-app 200
[debug] [2024-02-01T10:54:29.215Z] <<< [apiv2][body] GET https://firebase.googleapis.com/v1beta1/projects/tihp-mobile-app {"projectId":"tihp-mobile-app","projectNumber":"1003190647448","displayName":"TIHP Mobile App","name":"projects/tihp-mobile-app","resources":{"hostingSite":"tihp-mobile-app","storageBucket":"tihp-mobile-app.appspot.com","locationId":"us-central"},"state":"ACTIVE","etag":"1_26029510-b08e-434c-9ee3-b42b5397fd0f"}
[info] i  functions: preparing codebase default for deployment 
[info] i  functions: ensuring required API cloudfunctions.googleapis.com is enabled... 
[info] i  functions: ensuring required API cloudbuild.googleapis.com is enabled... 
[info] i  artifactregistry: ensuring required API artifactregistry.googleapis.com is enabled... 
[debug] [2024-02-01T10:54:29.217Z] >>> [apiv2][query] GET https://serviceusage.googleapis.com/v1/projects/tihp-mobile-app/services/cloudfunctions.googleapis.com [none]
[debug] [2024-02-01T10:54:29.217Z] >>> [apiv2][(partial)header] GET https://serviceusage.googleapis.com/v1/projects/tihp-mobile-app/services/cloudfunctions.googleapis.com x-goog-quota-user=projects/tihp-mobile-app
[debug] [2024-02-01T10:54:29.219Z] >>> [apiv2][query] GET https://serviceusage.googleapis.com/v1/projects/tihp-mobile-app/services/runtimeconfig.googleapis.com [none]
[debug] [2024-02-01T10:54:29.219Z] >>> [apiv2][(partial)header] GET https://serviceusage.googleapis.com/v1/projects/tihp-mobile-app/services/runtimeconfig.googleapis.com x-goog-quota-user=projects/tihp-mobile-app
[debug] [2024-02-01T10:54:29.220Z] >>> [apiv2][query] GET https://serviceusage.googleapis.com/v1/projects/tihp-mobile-app/services/cloudbuild.googleapis.com [none]
[debug] [2024-02-01T10:54:29.220Z] >>> [apiv2][(partial)header] GET https://serviceusage.googleapis.com/v1/projects/tihp-mobile-app/services/cloudbuild.googleapis.com x-goog-quota-user=projects/tihp-mobile-app
[debug] [2024-02-01T10:54:29.220Z] >>> [apiv2][query] GET https://serviceusage.googleapis.com/v1/projects/tihp-mobile-app/services/artifactregistry.googleapis.com [none]
[debug] [2024-02-01T10:54:29.221Z] >>> [apiv2][(partial)header] GET https://serviceusage.googleapis.com/v1/projects/tihp-mobile-app/services/artifactregistry.googleapis.com x-goog-quota-user=projects/tihp-mobile-app
[debug] [2024-02-01T10:54:30.619Z] <<< [apiv2][status] GET https://serviceusage.googleapis.com/v1/projects/tihp-mobile-app/services/cloudfunctions.googleapis.com 200
[debug] [2024-02-01T10:54:30.620Z] <<< [apiv2][body] GET https://serviceusage.googleapis.com/v1/projects/tihp-mobile-app/services/cloudfunctions.googleapis.com [omitted]
[info] ✔  functions: required API cloudfunctions.googleapis.com is enabled 
[debug] [2024-02-01T10:54:30.630Z] <<< [apiv2][status] GET https://serviceusage.googleapis.com/v1/projects/tihp-mobile-app/services/cloudbuild.googleapis.com 200
[debug] [2024-02-01T10:54:30.631Z] <<< [apiv2][body] GET https://serviceusage.googleapis.com/v1/projects/tihp-mobile-app/services/cloudbuild.googleapis.com [omitted]
[info] ✔  functions: required API cloudbuild.googleapis.com is enabled 
[debug] [2024-02-01T10:54:30.655Z] <<< [apiv2][status] GET https://serviceusage.googleapis.com/v1/projects/tihp-mobile-app/services/runtimeconfig.googleapis.com 200
[debug] [2024-02-01T10:54:30.656Z] <<< [apiv2][body] GET https://serviceusage.googleapis.com/v1/projects/tihp-mobile-app/services/runtimeconfig.googleapis.com [omitted]
[debug] [2024-02-01T10:54:30.662Z] <<< [apiv2][status] GET https://serviceusage.googleapis.com/v1/projects/tihp-mobile-app/services/artifactregistry.googleapis.com 200
[debug] [2024-02-01T10:54:30.662Z] <<< [apiv2][body] GET https://serviceusage.googleapis.com/v1/projects/tihp-mobile-app/services/artifactregistry.googleapis.com [omitted]
[info] ✔  artifactregistry: required API artifactregistry.googleapis.com is enabled 
[debug] [2024-02-01T10:54:30.663Z] >>> [apiv2][query] GET https://firebase.googleapis.com/v1beta1/projects/tihp-mobile-app/adminSdkConfig [none]
[debug] [2024-02-01T10:54:31.792Z] <<< [apiv2][status] GET https://firebase.googleapis.com/v1beta1/projects/tihp-mobile-app/adminSdkConfig 200
[debug] [2024-02-01T10:54:31.792Z] <<< [apiv2][body] GET https://firebase.googleapis.com/v1beta1/projects/tihp-mobile-app/adminSdkConfig {"projectId":"tihp-mobile-app","storageBucket":"tihp-mobile-app.appspot.com","locationId":"us-central"}
[debug] [2024-02-01T10:54:31.793Z] >>> [apiv2][query] GET https://runtimeconfig.googleapis.com/v1beta1/projects/tihp-mobile-app/configs [none]
[debug] [2024-02-01T10:54:32.489Z] <<< [apiv2][status] GET https://runtimeconfig.googleapis.com/v1beta1/projects/tihp-mobile-app/configs 200
[debug] [2024-02-01T10:54:32.490Z] <<< [apiv2][body] GET https://runtimeconfig.googleapis.com/v1beta1/projects/tihp-mobile-app/configs {}
[debug] [2024-02-01T10:54:32.491Z] Validating nodejs source
[debug] [2024-02-01T10:54:33.604Z] > [functions] package.json contents: {
  "name": "functions",
  "scripts": {
    "build": "tsc",
    "build:watch": "tsc --watch",
    "serve": "npm run build && firebase emulators:start --only functions",
    "shell": "npm run build && firebase functions:shell",
    "start": "npm run shell",
    "deploy": "npx gulp copy-templates && firebase deploy --only functions",
    "logs": "firebase functions:log"
  },
  "engines": {
    "node": "18"
  },
  "main": "lib/index.js",
  "dependencies": {
    "@types/nodemailer": "^6.4.14",
    "dotenv": "^16.4.1",
    "firebase-admin": "^11.8.0",
    "firebase-functions": "^4.3.1",
    "handlebars": "^4.7.8",
    "nodemailer": "^6.9.8"
  },
  "devDependencies": {
    "firebase-functions-test": "^3.1.0",
    "gulp": "^4.0.2",
    "gulp-declare": "^0.3.0",
    "gulp-handlebars": "^5.0.2",
    "gulp-wrap": "^0.15.0",
    "typescript": "^4.9.0"
  },
  "private": true
}
[debug] [2024-02-01T10:54:33.605Z] Building nodejs source
[info] i  functions: Loading and analyzing source code for codebase default to determine what to deploy 
[debug] [2024-02-01T10:54:33.607Z] Could not find functions.yaml. Must use http discovery
[debug] [2024-02-01T10:54:33.619Z] Found firebase-functions binary at '/Volumes/Drive D/Projects/toiyabev2-admin/functions/node_modules/.bin/firebase-functions'
[info] Serving at port 8576

[debug] [2024-02-01T10:54:34.197Z] Got response from /__/functions.yaml {"endpoints":{"createAdmin":{"platform":"gcfv1","availableMemoryMb":null,"timeoutSeconds":null,"minInstances":null,"maxInstances":null,"ingressSettings":null,"serviceAccountEmail":null,"vpc":null,"httpsTrigger":{},"entryPoint":"createAdmin"},"deleteAdmin":{"platform":"gcfv1","availableMemoryMb":null,"timeoutSeconds":null,"minInstances":null,"maxInstances":null,"ingressSettings":null,"serviceAccountEmail":null,"vpc":null,"httpsTrigger":{},"entryPoint":"deleteAdmin"},"updateAdmin":{"platform":"gcfv1","availableMemoryMb":null,"timeoutSeconds":null,"minInstances":null,"maxInstances":null,"ingressSettings":null,"serviceAccountEmail":null,"vpc":null,"httpsTrigger":{},"entryPoint":"updateAdmin"},"onUpdateProvider":{"platform":"gcfv1","availableMemoryMb":null,"timeoutSeconds":null,"minInstances":null,"maxInstances":null,"ingressSettings":null,"serviceAccountEmail":null,"vpc":null,"eventTrigger":{"eventType":"providers/cloud.firestore/eventTypes/document.update","eventFilters":{"resource":"projects/tihp-mobile-app/databases/(default)/documents/Providers/{documentId}"},"retry":false},"labels":{},"entryPoint":"onUpdateProvider"}},"specVersion":"v1alpha1","requiredAPIs":[]}
[info] i  functions: Loaded environment variables from .env. 
[info] i  functions: preparing functions directory for uploading... 
[info] i  functions: packaged /Volumes/Drive D/Projects/toiyabev2-admin/functions (47.83 KB) for uploading 
[debug] [2024-02-01T10:54:34.453Z] >>> [apiv2][query] GET https://cloudfunctions.googleapis.com/v1/projects/tihp-mobile-app/locations/-/functions [none]
[debug] [2024-02-01T10:54:35.340Z] <<< [apiv2][status] GET https://cloudfunctions.googleapis.com/v1/projects/tihp-mobile-app/locations/-/functions 200
[debug] [2024-02-01T10:54:35.340Z] <<< [apiv2][body] GET https://cloudfunctions.googleapis.com/v1/projects/tihp-mobile-app/locations/-/functions {"functions":[{"name":"projects/tihp-mobile-app/locations/us-central1/functions/createAdmin","httpsTrigger":{"url":"https://us-central1-tihp-mobile-app.cloudfunctions.net/createAdmin","securityLevel":"SECURE_ALWAYS"},"status":"ACTIVE","entryPoint":"createAdmin","timeout":"60s","availableMemoryMb":256,"serviceAccountEmail":"tihp-mobile-app@appspot.gserviceaccount.com","updateTime":"2024-02-01T10:52:27.685Z","versionId":"1","labels":{"deployment-tool":"cli-firebase","firebase-functions-hash":"e294b6541fdf6ebd325a711fbcca1e720c767326"},"sourceUploadUrl":"https://storage.googleapis.com/uploads-106805803527.us-central1.cloudfunctions.appspot.com/c25c846f-dcf3-46b5-8bbe-c47a02a6b939.zip","environmentVariables":{"SMTP_USER":"zubair@chopdawg.com","SMTP_PASSWORD":"eeli rwrd aryq qexe","FIREBASE_CONFIG":"{\"projectId\":\"tihp-mobile-app\",\"storageBucket\":\"tihp-mobile-app.appspot.com\",\"locationId\":\"us-central\"}","GCLOUD_PROJECT":"tihp-mobile-app","EVENTARC_CLOUD_EVENT_SOURCE":"projects/tihp-mobile-app/locations/us-central1/functions/createAdmin"},"runtime":"nodejs18","ingressSettings":"ALLOW_ALL","buildId":"d79ba755-0814-455f-8bc2-9ca7c0b1fe43","buildEnvironmentVariables":{"GOOGLE_NODE_RUN_SCRIPTS":""},"buildName":"projects/1003190647448/locations/us-central1/builds/d79ba755-0814-455f-8bc2-9ca7c0b1fe43","dockerRegistry":"ARTIFACT_REGISTRY","automaticUpdatePolicy":{}},{"name":"projects/tihp-mobile-app/locations/us-central1/functions/deleteAdmin","httpsTrigger":{"url":"https://us-central1-tihp-mobile-app.cloudfunctions.net/deleteAdmin","securityLevel":"SECURE_ALWAYS"},"status":"ACTIVE","entryPoint":"deleteAdmin","timeout":"60s","availableMemoryMb":256,"serviceAccountEmail":"tihp-mobile-app@appspot.gserviceaccount.com","updateTime":"2024-02-01T10:52:32.088Z","versionId":"1","labels":{"deployment-tool":"cli-firebase","firebase-functions-hash":"e294b6541fdf6ebd325a711fbcca1e720c767326"},"sourceUploadUrl":"https://storage.googleapis.com/uploads-106805803527.us-central1.cloudfunctions.appspot.com/c25c846f-dcf3-46b5-8bbe-c47a02a6b939.zip","environmentVariables":{"SMTP_USER":"zubair@chopdawg.com","SMTP_PASSWORD":"eeli rwrd aryq qexe","FIREBASE_CONFIG":"{\"projectId\":\"tihp-mobile-app\",\"storageBucket\":\"tihp-mobile-app.appspot.com\",\"locationId\":\"us-central\"}","GCLOUD_PROJECT":"tihp-mobile-app","EVENTARC_CLOUD_EVENT_SOURCE":"projects/tihp-mobile-app/locations/us-central1/functions/deleteAdmin"},"runtime":"nodejs18","ingressSettings":"ALLOW_ALL","buildId":"d79ba755-0814-455f-8bc2-9ca7c0b1fe43","buildEnvironmentVariables":{"GOOGLE_NODE_RUN_SCRIPTS":""},"buildName":"projects/1003190647448/locations/us-central1/builds/d79ba755-0814-455f-8bc2-9ca7c0b1fe43","dockerRegistry":"ARTIFACT_REGISTRY","automaticUpdatePolicy":{}},{"name":"projects/tihp-mobile-app/locations/us-central1/functions/onUpdateProvider","eventTrigger":{"eventType":"providers/cloud.firestore/eventTypes/document.update","resource":"projects/tihp-mobile-app/databases/(default)/documents/Providers/{documentId}","service":"firestore.googleapis.com","failurePolicy":{}},"status":"ACTIVE","entryPoint":"onUpdateProvider","timeout":"60s","availableMemoryMb":256,"serviceAccountEmail":"tihp-mobile-app@appspot.gserviceaccount.com","updateTime":"2024-02-01T10:52:47.904Z","versionId":"1","labels":{"deployment-tool":"cli-firebase","firebase-functions-hash":"e294b6541fdf6ebd325a711fbcca1e720c767326"},"sourceUploadUrl":"https://storage.googleapis.com/uploads-106805803527.us-central1.cloudfunctions.appspot.com/c25c846f-dcf3-46b5-8bbe-c47a02a6b939.zip","environmentVariables":{"SMTP_USER":"zubair@chopdawg.com","SMTP_PASSWORD":"eeli rwrd aryq qexe","FIREBASE_CONFIG":"{\"projectId\":\"tihp-mobile-app\",\"storageBucket\":\"tihp-mobile-app.appspot.com\",\"locationId\":\"us-central\"}","GCLOUD_PROJECT":"tihp-mobile-app","EVENTARC_CLOUD_EVENT_SOURCE":"projects/tihp-mobile-app/locations/us-central1/functions/onUpdateProvider"},"runtime":"nodejs18","maxInstances":3000,"ingressSettings":"ALLOW_ALL","buildId":"d79ba755-0814-455f-8bc2-9ca7c0b1fe43","buildEnvironmentVariables":{"GOOGLE_NODE_RUN_SCRIPTS":""},"buildName":"projects/1003190647448/locations/us-central1/builds/d79ba755-0814-455f-8bc2-9ca7c0b1fe43","dockerRegistry":"ARTIFACT_REGISTRY","automaticUpdatePolicy":{}},{"name":"projects/tihp-mobile-app/locations/us-central1/functions/updateAdmin","httpsTrigger":{"url":"https://us-central1-tihp-mobile-app.cloudfunctions.net/updateAdmin","securityLevel":"SECURE_ALWAYS"},"status":"ACTIVE","entryPoint":"updateAdmin","timeout":"60s","availableMemoryMb":256,"serviceAccountEmail":"tihp-mobile-app@appspot.gserviceaccount.com","updateTime":"2024-02-01T10:52:31.986Z","versionId":"1","labels":{"deployment-tool":"cli-firebase","firebase-functions-hash":"e294b6541fdf6ebd325a711fbcca1e720c767326"},"sourceUploadUrl":"https://storage.googleapis.com/uploads-106805803527.us-central1.cloudfunctions.appspot.com/c25c846f-dcf3-46b5-8bbe-c47a02a6b939.zip","environmentVariables":{"SMTP_USER":"zubair@chopdawg.com","SMTP_PASSWORD":"eeli rwrd aryq qexe","FIREBASE_CONFIG":"{\"projectId\":\"tihp-mobile-app\",\"storageBucket\":\"tihp-mobile-app.appspot.com\",\"locationId\":\"us-central\"}","GCLOUD_PROJECT":"tihp-mobile-app","EVENTARC_CLOUD_EVENT_SOURCE":"projects/tihp-mobile-app/locations/us-central1/functions/updateAdmin"},"runtime":"nodejs18","ingressSettings":"ALLOW_ALL","buildId":"d79ba755-0814-455f-8bc2-9ca7c0b1fe43","buildEnvironmentVariables":{"GOOGLE_NODE_RUN_SCRIPTS":""},"buildName":"projects/1003190647448/locations/us-central1/builds/d79ba755-0814-455f-8bc2-9ca7c0b1fe43","dockerRegistry":"ARTIFACT_REGISTRY","automaticUpdatePolicy":{}}]}
[debug] [2024-02-01T10:54:35.342Z] >>> [apiv2][query] GET https://cloudfunctions.googleapis.com/v2/projects/tihp-mobile-app/locations/-/functions filter=environment%3D%22GEN_2%22
[debug] [2024-02-01T10:54:36.749Z] <<< [apiv2][status] GET https://cloudfunctions.googleapis.com/v2/projects/tihp-mobile-app/locations/-/functions 200
[debug] [2024-02-01T10:54:36.750Z] <<< [apiv2][body] GET https://cloudfunctions.googleapis.com/v2/projects/tihp-mobile-app/locations/-/functions {}
[debug] [2024-02-01T10:54:36.754Z] >>> [apiv2][query] GET https://firebase.googleapis.com/v1beta1/projects/tihp-mobile-app [none]
[debug] [2024-02-01T10:54:37.681Z] <<< [apiv2][status] GET https://firebase.googleapis.com/v1beta1/projects/tihp-mobile-app 200
[debug] [2024-02-01T10:54:37.681Z] <<< [apiv2][body] GET https://firebase.googleapis.com/v1beta1/projects/tihp-mobile-app {"projectId":"tihp-mobile-app","projectNumber":"1003190647448","displayName":"TIHP Mobile App","name":"projects/tihp-mobile-app","resources":{"hostingSite":"tihp-mobile-app","storageBucket":"tihp-mobile-app.appspot.com","locationId":"us-central"},"state":"ACTIVE","etag":"1_26029510-b08e-434c-9ee3-b42b5397fd0f"}
[debug] [2024-02-01T10:54:37.684Z] >>> [apiv2][query] POST https://cloudfunctions.googleapis.com/v1/projects/tihp-mobile-app/locations/us-central1/functions:generateUploadUrl [none]
[debug] [2024-02-01T10:54:37.684Z] >>> [apiv2][body] POST https://cloudfunctions.googleapis.com/v1/projects/tihp-mobile-app/locations/us-central1/functions:generateUploadUrl {}
[debug] [2024-02-01T10:54:38.659Z] <<< [apiv2][status] POST https://cloudfunctions.googleapis.com/v1/projects/tihp-mobile-app/locations/us-central1/functions:generateUploadUrl 200
[debug] [2024-02-01T10:54:38.659Z] <<< [apiv2][body] POST https://cloudfunctions.googleapis.com/v1/projects/tihp-mobile-app/locations/us-central1/functions:generateUploadUrl {"uploadUrl":"https://storage.googleapis.com/uploads-106805803527.us-central1.cloudfunctions.appspot.com/9c7dfc23-4f4c-4c26-ab0d-2b5b7af86f4e.zip?GoogleAccessId=service-1003190647448@gcf-admin-robot.iam.gserviceaccount.com&Expires=1706786680&Signature=iWIgJQdXSHExgOcOxobjWwxhXlRsdE0dx7B6%2FpK9bJNuP0t3GSLg3ZfKgtH6iVlPb8Q4wKm%2BG70SJIY%2FzFVZroY2D6E4ReWndKjpzI7HxxddYRe5GN%2FeCTEXYHtU4R8VSvvjou7wZ42mpTJOBlssg9FEg5c64R%2BDdp7jTgPNQlY6o72qgE%2FPGzRflg417ZQ93bUj094WyzCvPx7iVtqcbl8j7KBHJ3Mskrg6DSAPjepg1%2FYIlNDWHpsSTwWgfgTGGu49ewk5ZmoDRUotUZpYAaRPpGAinJIVjAb%2F5EKmJSueERp5%2FL6r1ogdOCIPV7XhTx%2FzUTlx8jHGx%2B2EjCxJvQ%3D%3D"}
[debug] [2024-02-01T10:54:38.660Z] >>> [apiv2][query] PUT https://storage.googleapis.com/uploads-106805803527.us-central1.cloudfunctions.appspot.com/9c7dfc23-4f4c-4c26-ab0d-2b5b7af86f4e.zip GoogleAccessId=service-1003190647448%40gcf-admin-robot.iam.gserviceaccount.com&Expires=1706786680&Signature=iWIgJQdXSHExgOcOxobjWwxhXlRsdE0dx7B6%2FpK9bJNuP0t3GSLg3ZfKgtH6iVlPb8Q4wKm%2BG70SJIY%2FzFVZroY2D6E4ReWndKjpzI7HxxddYRe5GN%2FeCTEXYHtU4R8VSvvjou7wZ42mpTJOBlssg9FEg5c64R%2BDdp7jTgPNQlY6o72qgE%2FPGzRflg417ZQ93bUj094WyzCvPx7iVtqcbl8j7KBHJ3Mskrg6DSAPjepg1%2FYIlNDWHpsSTwWgfgTGGu49ewk5ZmoDRUotUZpYAaRPpGAinJIVjAb%2F5EKmJSueERp5%2FL6r1ogdOCIPV7XhTx%2FzUTlx8jHGx%2B2EjCxJvQ%3D%3D
[debug] [2024-02-01T10:54:38.660Z] >>> [apiv2][body] PUT https://storage.googleapis.com/uploads-106805803527.us-central1.cloudfunctions.appspot.com/9c7dfc23-4f4c-4c26-ab0d-2b5b7af86f4e.zip [stream]
[debug] [2024-02-01T10:54:42.327Z] <<< [apiv2][status] PUT https://storage.googleapis.com/uploads-106805803527.us-central1.cloudfunctions.appspot.com/9c7dfc23-4f4c-4c26-ab0d-2b5b7af86f4e.zip 200
[debug] [2024-02-01T10:54:42.327Z] <<< [apiv2][body] PUT https://storage.googleapis.com/uploads-106805803527.us-central1.cloudfunctions.appspot.com/9c7dfc23-4f4c-4c26-ab0d-2b5b7af86f4e.zip [omitted]
[info] ✔  functions: functions folder uploaded successfully 
[info] i  functions: updating Node.js 18 (1st Gen) function createAdmin(us-central1)... 
[info] i  functions: updating Node.js 18 (1st Gen) function deleteAdmin(us-central1)... 
[info] i  functions: updating Node.js 18 (1st Gen) function updateAdmin(us-central1)... 
[info] i  functions: updating Node.js 18 (1st Gen) function onUpdateProvider(us-central1)... 
[debug] [2024-02-01T10:54:42.333Z] >>> [apiv2][query] PATCH https://cloudfunctions.googleapis.com/v1/projects/tihp-mobile-app/locations/us-central1/functions/createAdmin updateMask=name%2CsourceUploadUrl%2CentryPoint%2Cruntime%2CdockerRegistry%2Clabels%2ChttpsTrigger.securityLevel%2CminInstances%2CmaxInstances%2CingressSettings%2CenvironmentVariables%2CserviceAccountEmail%2CavailableMemoryMb%2Ctimeout%2CvpcConnector%2CvpcConnectorEgressSettings%2CsourceToken%2CbuildEnvironmentVariables
[debug] [2024-02-01T10:54:42.333Z] >>> [apiv2][body] PATCH https://cloudfunctions.googleapis.com/v1/projects/tihp-mobile-app/locations/us-central1/functions/createAdmin {"name":"projects/tihp-mobile-app/locations/us-central1/functions/createAdmin","sourceUploadUrl":"https://storage.googleapis.com/uploads-106805803527.us-central1.cloudfunctions.appspot.com/9c7dfc23-4f4c-4c26-ab0d-2b5b7af86f4e.zip?GoogleAccessId=service-1003190647448@gcf-admin-robot.iam.gserviceaccount.com&Expires=1706786680&Signature=iWIgJQdXSHExgOcOxobjWwxhXlRsdE0dx7B6%2FpK9bJNuP0t3GSLg3ZfKgtH6iVlPb8Q4wKm%2BG70SJIY%2FzFVZroY2D6E4ReWndKjpzI7HxxddYRe5GN%2FeCTEXYHtU4R8VSvvjou7wZ42mpTJOBlssg9FEg5c64R%2BDdp7jTgPNQlY6o72qgE%2FPGzRflg417ZQ93bUj094WyzCvPx7iVtqcbl8j7KBHJ3Mskrg6DSAPjepg1%2FYIlNDWHpsSTwWgfgTGGu49ewk5ZmoDRUotUZpYAaRPpGAinJIVjAb%2F5EKmJSueERp5%2FL6r1ogdOCIPV7XhTx%2FzUTlx8jHGx%2B2EjCxJvQ%3D%3D","entryPoint":"createAdmin","runtime":"nodejs18","dockerRegistry":"ARTIFACT_REGISTRY","labels":{"deployment-tool":"cli-firebase","firebase-functions-hash":"e90e2900ee8f4d2d5c6238e47fa9d0b2aa9573bd"},"httpsTrigger":{"securityLevel":"SECURE_ALWAYS"},"minInstances":null,"maxInstances":null,"ingressSettings":null,"environmentVariables":{"SMTP_USER":"zubair@chopdawg.com","SMTP_PASSWORD":"eeli rwrd aryq qexe","FIREBASE_CONFIG":"{\"projectId\":\"tihp-mobile-app\",\"storageBucket\":\"tihp-mobile-app.appspot.com\",\"locationId\":\"us-central\"}","GCLOUD_PROJECT":"tihp-mobile-app","EVENTARC_CLOUD_EVENT_SOURCE":"projects/tihp-mobile-app/locations/us-central1/functions/createAdmin"},"serviceAccountEmail":null,"availableMemoryMb":null,"timeout":null,"vpcConnector":null,"vpcConnectorEgressSettings":null,"buildEnvironmentVariables":{"GOOGLE_NODE_RUN_SCRIPTS":""}}
[debug] [2024-02-01T10:54:43.341Z] <<< [apiv2][status] PATCH https://cloudfunctions.googleapis.com/v1/projects/tihp-mobile-app/locations/us-central1/functions/createAdmin 200
[debug] [2024-02-01T10:54:43.341Z] <<< [apiv2][body] PATCH https://cloudfunctions.googleapis.com/v1/projects/tihp-mobile-app/locations/us-central1/functions/createAdmin {"name":"operations/dGlocC1tb2JpbGUtYXBwL3VzLWNlbnRyYWwxL2NyZWF0ZUFkbWluL3NuZWh4cTl1Ukd3","metadata":{"@type":"type.googleapis.com/google.cloud.functions.v1.OperationMetadataV1","target":"projects/tihp-mobile-app/locations/us-central1/functions/createAdmin","type":"UPDATE_FUNCTION","request":{"@type":"type.googleapis.com/google.cloud.functions.v1.CloudFunction","name":"projects/tihp-mobile-app/locations/us-central1/functions/createAdmin","httpsTrigger":{"url":"https://us-central1-tihp-mobile-app.cloudfunctions.net/createAdmin","securityLevel":"SECURE_ALWAYS"},"status":"ACTIVE","entryPoint":"createAdmin","updateTime":"2024-02-01T10:52:27.685Z","versionId":"1","labels":{"deployment-tool":"cli-firebase","firebase-functions-hash":"e90e2900ee8f4d2d5c6238e47fa9d0b2aa9573bd"},"sourceUploadUrl":"https://storage.googleapis.com/uploads-106805803527.us-central1.cloudfunctions.appspot.com/9c7dfc23-4f4c-4c26-ab0d-2b5b7af86f4e.zip?GoogleAccessId=service-1003190647448@gcf-admin-robot.iam.gserviceaccount.com&Expires=1706786680&Signature=iWIgJQdXSHExgOcOxobjWwxhXlRsdE0dx7B6%2FpK9bJNuP0t3GSLg3ZfKgtH6iVlPb8Q4wKm%2BG70SJIY%2FzFVZroY2D6E4ReWndKjpzI7HxxddYRe5GN%2FeCTEXYHtU4R8VSvvjou7wZ42mpTJOBlssg9FEg5c64R%2BDdp7jTgPNQlY6o72qgE%2FPGzRflg417ZQ93bUj094WyzCvPx7iVtqcbl8j7KBHJ3Mskrg6DSAPjepg1%2FYIlNDWHpsSTwWgfgTGGu49ewk5ZmoDRUotUZpYAaRPpGAinJIVjAb%2F5EKmJSueERp5%2FL6r1ogdOCIPV7XhTx%2FzUTlx8jHGx%2B2EjCxJvQ%3D%3D","environmentVariables":{"SMTP_USER":"zubair@chopdawg.com","SMTP_PASSWORD":"eeli rwrd aryq qexe","FIREBASE_CONFIG":"{\"projectId\":\"tihp-mobile-app\",\"storageBucket\":\"tihp-mobile-app.appspot.com\",\"locationId\":\"us-central\"}","GCLOUD_PROJECT":"tihp-mobile-app","EVENTARC_CLOUD_EVENT_SOURCE":"projects/tihp-mobile-app/locations/us-central1/functions/createAdmin"},"runtime":"nodejs18","buildId":"d79ba755-0814-455f-8bc2-9ca7c0b1fe43","buildEnvironmentVariables":{"GOOGLE_NODE_RUN_SCRIPTS":""},"buildName":"projects/1003190647448/locations/us-central1/builds/d79ba755-0814-455f-8bc2-9ca7c0b1fe43","dockerRegistry":"ARTIFACT_REGISTRY","automaticUpdatePolicy":{}},"versionId":"2","updateTime":"2024-02-01T10:54:45Z"}}
[debug] [2024-02-01T10:54:43.342Z] >>> [apiv2][query] GET https://cloudfunctions.googleapis.com/v1/operations/dGlocC1tb2JpbGUtYXBwL3VzLWNlbnRyYWwxL2NyZWF0ZUFkbWluL3NuZWh4cTl1Ukd3 [none]
[debug] [2024-02-01T10:54:43.968Z] <<< [apiv2][status] GET https://cloudfunctions.googleapis.com/v1/operations/dGlocC1tb2JpbGUtYXBwL3VzLWNlbnRyYWwxL2NyZWF0ZUFkbWluL3NuZWh4cTl1Ukd3 200
[debug] [2024-02-01T10:54:43.968Z] <<< [apiv2][body] GET https://cloudfunctions.googleapis.com/v1/operations/dGlocC1tb2JpbGUtYXBwL3VzLWNlbnRyYWwxL2NyZWF0ZUFkbWluL3NuZWh4cTl1Ukd3 {"name":"operations/dGlocC1tb2JpbGUtYXBwL3VzLWNlbnRyYWwxL2NyZWF0ZUFkbWluL3NuZWh4cTl1Ukd3","metadata":{"@type":"type.googleapis.com/google.cloud.functions.v1.OperationMetadataV1","target":"projects/tihp-mobile-app/locations/us-central1/functions/createAdmin","type":"UPDATE_FUNCTION","request":{"@type":"type.googleapis.com/google.cloud.functions.v1.CloudFunction","name":"projects/tihp-mobile-app/locations/us-central1/functions/createAdmin","httpsTrigger":{"url":"https://us-central1-tihp-mobile-app.cloudfunctions.net/createAdmin","securityLevel":"SECURE_ALWAYS"},"status":"ACTIVE","entryPoint":"createAdmin","updateTime":"2024-02-01T10:52:27.685Z","versionId":"1","labels":{"deployment-tool":"cli-firebase","firebase-functions-hash":"e90e2900ee8f4d2d5c6238e47fa9d0b2aa9573bd"},"sourceUploadUrl":"https://storage.googleapis.com/uploads-106805803527.us-central1.cloudfunctions.appspot.com/9c7dfc23-4f4c-4c26-ab0d-2b5b7af86f4e.zip?GoogleAccessId=service-1003190647448@gcf-admin-robot.iam.gserviceaccount.com&Expires=1706786680&Signature=iWIgJQdXSHExgOcOxobjWwxhXlRsdE0dx7B6%2FpK9bJNuP0t3GSLg3ZfKgtH6iVlPb8Q4wKm%2BG70SJIY%2FzFVZroY2D6E4ReWndKjpzI7HxxddYRe5GN%2FeCTEXYHtU4R8VSvvjou7wZ42mpTJOBlssg9FEg5c64R%2BDdp7jTgPNQlY6o72qgE%2FPGzRflg417ZQ93bUj094WyzCvPx7iVtqcbl8j7KBHJ3Mskrg6DSAPjepg1%2FYIlNDWHpsSTwWgfgTGGu49ewk5ZmoDRUotUZpYAaRPpGAinJIVjAb%2F5EKmJSueERp5%2FL6r1ogdOCIPV7XhTx%2FzUTlx8jHGx%2B2EjCxJvQ%3D%3D","environmentVariables":{"SMTP_USER":"zubair@chopdawg.com","SMTP_PASSWORD":"eeli rwrd aryq qexe","FIREBASE_CONFIG":"{\"projectId\":\"tihp-mobile-app\",\"storageBucket\":\"tihp-mobile-app.appspot.com\",\"locationId\":\"us-central\"}","GCLOUD_PROJECT":"tihp-mobile-app","EVENTARC_CLOUD_EVENT_SOURCE":"projects/tihp-mobile-app/locations/us-central1/functions/createAdmin"},"runtime":"nodejs18","buildId":"d79ba755-0814-455f-8bc2-9ca7c0b1fe43","buildEnvironmentVariables":{"GOOGLE_NODE_RUN_SCRIPTS":""},"buildName":"projects/1003190647448/locations/us-central1/builds/d79ba755-0814-455f-8bc2-9ca7c0b1fe43","dockerRegistry":"ARTIFACT_REGISTRY","automaticUpdatePolicy":{}},"versionId":"2","updateTime":"2024-02-01T10:54:45Z"}}
[debug] [2024-02-01T10:54:44.469Z] [update-default-us-central1-createAdmin] Retrying task index 0
[debug] [2024-02-01T10:54:44.470Z] >>> [apiv2][query] GET https://cloudfunctions.googleapis.com/v1/operations/dGlocC1tb2JpbGUtYXBwL3VzLWNlbnRyYWwxL2NyZWF0ZUFkbWluL3NuZWh4cTl1Ukd3 [none]
[debug] [2024-02-01T10:54:45.099Z] <<< [apiv2][status] GET https://cloudfunctions.googleapis.com/v1/operations/dGlocC1tb2JpbGUtYXBwL3VzLWNlbnRyYWwxL2NyZWF0ZUFkbWluL3NuZWh4cTl1Ukd3 200
[debug] [2024-02-01T10:54:45.099Z] <<< [apiv2][body] GET https://cloudfunctions.googleapis.com/v1/operations/dGlocC1tb2JpbGUtYXBwL3VzLWNlbnRyYWwxL2NyZWF0ZUFkbWluL3NuZWh4cTl1Ukd3 {"name":"operations/dGlocC1tb2JpbGUtYXBwL3VzLWNlbnRyYWwxL2NyZWF0ZUFkbWluL3NuZWh4cTl1Ukd3","metadata":{"@type":"type.googleapis.com/google.cloud.functions.v1.OperationMetadataV1","target":"projects/tihp-mobile-app/locations/us-central1/functions/createAdmin","type":"UPDATE_FUNCTION","request":{"@type":"type.googleapis.com/google.cloud.functions.v1.CloudFunction","name":"projects/tihp-mobile-app/locations/us-central1/functions/createAdmin","httpsTrigger":{"url":"https://us-central1-tihp-mobile-app.cloudfunctions.net/createAdmin","securityLevel":"SECURE_ALWAYS"},"status":"ACTIVE","entryPoint":"createAdmin","updateTime":"2024-02-01T10:52:27.685Z","versionId":"1","labels":{"deployment-tool":"cli-firebase","firebase-functions-hash":"e90e2900ee8f4d2d5c6238e47fa9d0b2aa9573bd"},"sourceUploadUrl":"https://storage.googleapis.com/uploads-106805803527.us-central1.cloudfunctions.appspot.com/9c7dfc23-4f4c-4c26-ab0d-2b5b7af86f4e.zip?GoogleAccessId=service-1003190647448@gcf-admin-robot.iam.gserviceaccount.com&Expires=1706786680&Signature=iWIgJQdXSHExgOcOxobjWwxhXlRsdE0dx7B6%2FpK9bJNuP0t3GSLg3ZfKgtH6iVlPb8Q4wKm%2BG70SJIY%2FzFVZroY2D6E4ReWndKjpzI7HxxddYRe5GN%2FeCTEXYHtU4R8VSvvjou7wZ42mpTJOBlssg9FEg5c64R%2BDdp7jTgPNQlY6o72qgE%2FPGzRflg417ZQ93bUj094WyzCvPx7iVtqcbl8j7KBHJ3Mskrg6DSAPjepg1%2FYIlNDWHpsSTwWgfgTGGu49ewk5ZmoDRUotUZpYAaRPpGAinJIVjAb%2F5EKmJSueERp5%2FL6r1ogdOCIPV7XhTx%2FzUTlx8jHGx%2B2EjCxJvQ%3D%3D","environmentVariables":{"SMTP_USER":"zubair@chopdawg.com","SMTP_PASSWORD":"eeli rwrd aryq qexe","FIREBASE_CONFIG":"{\"projectId\":\"tihp-mobile-app\",\"storageBucket\":\"tihp-mobile-app.appspot.com\",\"locationId\":\"us-central\"}","GCLOUD_PROJECT":"tihp-mobile-app","EVENTARC_CLOUD_EVENT_SOURCE":"projects/tihp-mobile-app/locations/us-central1/functions/createAdmin"},"runtime":"nodejs18","buildId":"d79ba755-0814-455f-8bc2-9ca7c0b1fe43","buildEnvironmentVariables":{"GOOGLE_NODE_RUN_SCRIPTS":""},"buildName":"projects/1003190647448/locations/us-central1/builds/d79ba755-0814-455f-8bc2-9ca7c0b1fe43","dockerRegistry":"ARTIFACT_REGISTRY","automaticUpdatePolicy":{}},"versionId":"2","updateTime":"2024-02-01T10:54:45Z","buildId":"da62cf5c-fcb2-408b-9071-66565c727e7b","buildName":"projects/1003190647448/locations/us-central1/builds/da62cf5c-fcb2-408b-9071-66565c727e7b"}}
[debug] [2024-02-01T10:54:46.101Z] [update-default-us-central1-createAdmin] Retrying task index 0
[debug] [2024-02-01T10:54:46.102Z] >>> [apiv2][query] GET https://cloudfunctions.googleapis.com/v1/operations/dGlocC1tb2JpbGUtYXBwL3VzLWNlbnRyYWwxL2NyZWF0ZUFkbWluL3NuZWh4cTl1Ukd3 [none]
[debug] [2024-02-01T10:54:46.725Z] <<< [apiv2][status] GET https://cloudfunctions.googleapis.com/v1/operations/dGlocC1tb2JpbGUtYXBwL3VzLWNlbnRyYWwxL2NyZWF0ZUFkbWluL3NuZWh4cTl1Ukd3 200
[debug] [2024-02-01T10:54:46.725Z] <<< [apiv2][body] GET https://cloudfunctions.googleapis.com/v1/operations/dGlocC1tb2JpbGUtYXBwL3VzLWNlbnRyYWwxL2NyZWF0ZUFkbWluL3NuZWh4cTl1Ukd3 {"name":"operations/dGlocC1tb2JpbGUtYXBwL3VzLWNlbnRyYWwxL2NyZWF0ZUFkbWluL3NuZWh4cTl1Ukd3","metadata":{"@type":"type.googleapis.com/google.cloud.functions.v1.OperationMetadataV1","target":"projects/tihp-mobile-app/locations/us-central1/functions/createAdmin","type":"UPDATE_FUNCTION","request":{"@type":"type.googleapis.com/google.cloud.functions.v1.CloudFunction","name":"projects/tihp-mobile-app/locations/us-central1/functions/createAdmin","httpsTrigger":{"url":"https://us-central1-tihp-mobile-app.cloudfunctions.net/createAdmin","securityLevel":"SECURE_ALWAYS"},"status":"ACTIVE","entryPoint":"createAdmin","updateTime":"2024-02-01T10:52:27.685Z","versionId":"1","labels":{"deployment-tool":"cli-firebase","firebase-functions-hash":"e90e2900ee8f4d2d5c6238e47fa9d0b2aa9573bd"},"sourceUploadUrl":"https://storage.googleapis.com/uploads-106805803527.us-central1.cloudfunctions.appspot.com/9c7dfc23-4f4c-4c26-ab0d-2b5b7af86f4e.zip?GoogleAccessId=service-1003190647448@gcf-admin-robot.iam.gserviceaccount.com&Expires=1706786680&Signature=iWIgJQdXSHExgOcOxobjWwxhXlRsdE0dx7B6%2FpK9bJNuP0t3GSLg3ZfKgtH6iVlPb8Q4wKm%2BG70SJIY%2FzFVZroY2D6E4ReWndKjpzI7HxxddYRe5GN%2FeCTEXYHtU4R8VSvvjou7wZ42mpTJOBlssg9FEg5c64R%2BDdp7jTgPNQlY6o72qgE%2FPGzRflg417ZQ93bUj094WyzCvPx7iVtqcbl8j7KBHJ3Mskrg6DSAPjepg1%2FYIlNDWHpsSTwWgfgTGGu49ewk5ZmoDRUotUZpYAaRPpGAinJIVjAb%2F5EKmJSueERp5%2FL6r1ogdOCIPV7XhTx%2FzUTlx8jHGx%2B2EjCxJvQ%3D%3D","environmentVariables":{"SMTP_USER":"zubair@chopdawg.com","SMTP_PASSWORD":"eeli rwrd aryq qexe","FIREBASE_CONFIG":"{\"projectId\":\"tihp-mobile-app\",\"storageBucket\":\"tihp-mobile-app.appspot.com\",\"locationId\":\"us-central\"}","GCLOUD_PROJECT":"tihp-mobile-app","EVENTARC_CLOUD_EVENT_SOURCE":"projects/tihp-mobile-app/locations/us-central1/functions/createAdmin"},"runtime":"nodejs18","buildId":"d79ba755-0814-455f-8bc2-9ca7c0b1fe43","buildEnvironmentVariables":{"GOOGLE_NODE_RUN_SCRIPTS":""},"buildName":"projects/1003190647448/locations/us-central1/builds/d79ba755-0814-455f-8bc2-9ca7c0b1fe43","dockerRegistry":"ARTIFACT_REGISTRY","automaticUpdatePolicy":{}},"versionId":"2","updateTime":"2024-02-01T10:54:45Z","buildId":"da62cf5c-fcb2-408b-9071-66565c727e7b","buildName":"projects/1003190647448/locations/us-central1/builds/da62cf5c-fcb2-408b-9071-66565c727e7b"}}
[debug] [2024-02-01T10:54:48.727Z] [update-default-us-central1-createAdmin] Retrying task index 0
[debug] [2024-02-01T10:54:48.727Z] >>> [apiv2][query] GET https://cloudfunctions.googleapis.com/v1/operations/dGlocC1tb2JpbGUtYXBwL3VzLWNlbnRyYWwxL2NyZWF0ZUFkbWluL3NuZWh4cTl1Ukd3 [none]
[debug] [2024-02-01T10:54:49.363Z] <<< [apiv2][status] GET https://cloudfunctions.googleapis.com/v1/operations/dGlocC1tb2JpbGUtYXBwL3VzLWNlbnRyYWwxL2NyZWF0ZUFkbWluL3NuZWh4cTl1Ukd3 200
[debug] [2024-02-01T10:54:49.363Z] <<< [apiv2][body] GET https://cloudfunctions.googleapis.com/v1/operations/dGlocC1tb2JpbGUtYXBwL3VzLWNlbnRyYWwxL2NyZWF0ZUFkbWluL3NuZWh4cTl1Ukd3 {"name":"operations/dGlocC1tb2JpbGUtYXBwL3VzLWNlbnRyYWwxL2NyZWF0ZUFkbWluL3NuZWh4cTl1Ukd3","metadata":{"@type":"type.googleapis.com/google.cloud.functions.v1.OperationMetadataV1","target":"projects/tihp-mobile-app/locations/us-central1/functions/createAdmin","type":"UPDATE_FUNCTION","request":{"@type":"type.googleapis.com/google.cloud.functions.v1.CloudFunction","name":"projects/tihp-mobile-app/locations/us-central1/functions/createAdmin","httpsTrigger":{"url":"https://us-central1-tihp-mobile-app.cloudfunctions.net/createAdmin","securityLevel":"SECURE_ALWAYS"},"status":"ACTIVE","entryPoint":"createAdmin","updateTime":"2024-02-01T10:52:27.685Z","versionId":"1","labels":{"deployment-tool":"cli-firebase","firebase-functions-hash":"e90e2900ee8f4d2d5c6238e47fa9d0b2aa9573bd"},"sourceUploadUrl":"https://storage.googleapis.com/uploads-106805803527.us-central1.cloudfunctions.appspot.com/9c7dfc23-4f4c-4c26-ab0d-2b5b7af86f4e.zip?GoogleAccessId=service-1003190647448@gcf-admin-robot.iam.gserviceaccount.com&Expires=1706786680&Signature=iWIgJQdXSHExgOcOxobjWwxhXlRsdE0dx7B6%2FpK9bJNuP0t3GSLg3ZfKgtH6iVlPb8Q4wKm%2BG70SJIY%2FzFVZroY2D6E4ReWndKjpzI7HxxddYRe5GN%2FeCTEXYHtU4R8VSvvjou7wZ42mpTJOBlssg9FEg5c64R%2BDdp7jTgPNQlY6o72qgE%2FPGzRflg417ZQ93bUj094WyzCvPx7iVtqcbl8j7KBHJ3Mskrg6DSAPjepg1%2FYIlNDWHpsSTwWgfgTGGu49ewk5ZmoDRUotUZpYAaRPpGAinJIVjAb%2F5EKmJSueERp5%2FL6r1ogdOCIPV7XhTx%2FzUTlx8jHGx%2B2EjCxJvQ%3D%3D","environmentVariables":{"SMTP_USER":"zubair@chopdawg.com","SMTP_PASSWORD":"eeli rwrd aryq qexe","FIREBASE_CONFIG":"{\"projectId\":\"tihp-mobile-app\",\"storageBucket\":\"tihp-mobile-app.appspot.com\",\"locationId\":\"us-central\"}","GCLOUD_PROJECT":"tihp-mobile-app","EVENTARC_CLOUD_EVENT_SOURCE":"projects/tihp-mobile-app/locations/us-central1/functions/createAdmin"},"runtime":"nodejs18","buildId":"d79ba755-0814-455f-8bc2-9ca7c0b1fe43","buildEnvironmentVariables":{"GOOGLE_NODE_RUN_SCRIPTS":""},"buildName":"projects/1003190647448/locations/us-central1/builds/d79ba755-0814-455f-8bc2-9ca7c0b1fe43","dockerRegistry":"ARTIFACT_REGISTRY","automaticUpdatePolicy":{}},"versionId":"2","updateTime":"2024-02-01T10:54:45Z","buildId":"da62cf5c-fcb2-408b-9071-66565c727e7b","buildName":"projects/1003190647448/locations/us-central1/builds/da62cf5c-fcb2-408b-9071-66565c727e7b"}}
[debug] [2024-02-01T10:54:53.364Z] [update-default-us-central1-createAdmin] Retrying task index 0
[debug] [2024-02-01T10:54:53.364Z] >>> [apiv2][query] GET https://cloudfunctions.googleapis.com/v1/operations/dGlocC1tb2JpbGUtYXBwL3VzLWNlbnRyYWwxL2NyZWF0ZUFkbWluL3NuZWh4cTl1Ukd3 [none]
[debug] [2024-02-01T10:54:54.007Z] <<< [apiv2][status] GET https://cloudfunctions.googleapis.com/v1/operations/dGlocC1tb2JpbGUtYXBwL3VzLWNlbnRyYWwxL2NyZWF0ZUFkbWluL3NuZWh4cTl1Ukd3 200
[debug] [2024-02-01T10:54:54.007Z] <<< [apiv2][body] GET https://cloudfunctions.googleapis.com/v1/operations/dGlocC1tb2JpbGUtYXBwL3VzLWNlbnRyYWwxL2NyZWF0ZUFkbWluL3NuZWh4cTl1Ukd3 {"name":"operations/dGlocC1tb2JpbGUtYXBwL3VzLWNlbnRyYWwxL2NyZWF0ZUFkbWluL3NuZWh4cTl1Ukd3","metadata":{"@type":"type.googleapis.com/google.cloud.functions.v1.OperationMetadataV1","target":"projects/tihp-mobile-app/locations/us-central1/functions/createAdmin","type":"UPDATE_FUNCTION","request":{"@type":"type.googleapis.com/google.cloud.functions.v1.CloudFunction","name":"projects/tihp-mobile-app/locations/us-central1/functions/createAdmin","httpsTrigger":{"url":"https://us-central1-tihp-mobile-app.cloudfunctions.net/createAdmin","securityLevel":"SECURE_ALWAYS"},"status":"ACTIVE","entryPoint":"createAdmin","updateTime":"2024-02-01T10:52:27.685Z","versionId":"1","labels":{"deployment-tool":"cli-firebase","firebase-functions-hash":"e90e2900ee8f4d2d5c6238e47fa9d0b2aa9573bd"},"sourceUploadUrl":"https://storage.googleapis.com/uploads-106805803527.us-central1.cloudfunctions.appspot.com/9c7dfc23-4f4c-4c26-ab0d-2b5b7af86f4e.zip?GoogleAccessId=service-1003190647448@gcf-admin-robot.iam.gserviceaccount.com&Expires=1706786680&Signature=iWIgJQdXSHExgOcOxobjWwxhXlRsdE0dx7B6%2FpK9bJNuP0t3GSLg3ZfKgtH6iVlPb8Q4wKm%2BG70SJIY%2FzFVZroY2D6E4ReWndKjpzI7HxxddYRe5GN%2FeCTEXYHtU4R8VSvvjou7wZ42mpTJOBlssg9FEg5c64R%2BDdp7jTgPNQlY6o72qgE%2FPGzRflg417ZQ93bUj094WyzCvPx7iVtqcbl8j7KBHJ3Mskrg6DSAPjepg1%2FYIlNDWHpsSTwWgfgTGGu49ewk5ZmoDRUotUZpYAaRPpGAinJIVjAb%2F5EKmJSueERp5%2FL6r1ogdOCIPV7XhTx%2FzUTlx8jHGx%2B2EjCxJvQ%3D%3D","environmentVariables":{"SMTP_USER":"zubair@chopdawg.com","SMTP_PASSWORD":"eeli rwrd aryq qexe","FIREBASE_CONFIG":"{\"projectId\":\"tihp-mobile-app\",\"storageBucket\":\"tihp-mobile-app.appspot.com\",\"locationId\":\"us-central\"}","GCLOUD_PROJECT":"tihp-mobile-app","EVENTARC_CLOUD_EVENT_SOURCE":"projects/tihp-mobile-app/locations/us-central1/functions/createAdmin"},"runtime":"nodejs18","buildId":"d79ba755-0814-455f-8bc2-9ca7c0b1fe43","buildEnvironmentVariables":{"GOOGLE_NODE_RUN_SCRIPTS":""},"buildName":"projects/1003190647448/locations/us-central1/builds/d79ba755-0814-455f-8bc2-9ca7c0b1fe43","dockerRegistry":"ARTIFACT_REGISTRY","automaticUpdatePolicy":{}},"versionId":"2","updateTime":"2024-02-01T10:54:45Z","buildId":"da62cf5c-fcb2-408b-9071-66565c727e7b","buildName":"projects/1003190647448/locations/us-central1/builds/da62cf5c-fcb2-408b-9071-66565c727e7b"}}
[debug] [2024-02-01T10:55:02.007Z] [update-default-us-central1-createAdmin] Retrying task index 0
[debug] [2024-02-01T10:55:02.008Z] >>> [apiv2][query] GET https://cloudfunctions.googleapis.com/v1/operations/dGlocC1tb2JpbGUtYXBwL3VzLWNlbnRyYWwxL2NyZWF0ZUFkbWluL3NuZWh4cTl1Ukd3 [none]
[debug] [2024-02-01T10:55:02.620Z] <<< [apiv2][status] GET https://cloudfunctions.googleapis.com/v1/operations/dGlocC1tb2JpbGUtYXBwL3VzLWNlbnRyYWwxL2NyZWF0ZUFkbWluL3NuZWh4cTl1Ukd3 200
[debug] [2024-02-01T10:55:02.621Z] <<< [apiv2][body] GET https://cloudfunctions.googleapis.com/v1/operations/dGlocC1tb2JpbGUtYXBwL3VzLWNlbnRyYWwxL2NyZWF0ZUFkbWluL3NuZWh4cTl1Ukd3 {"name":"operations/dGlocC1tb2JpbGUtYXBwL3VzLWNlbnRyYWwxL2NyZWF0ZUFkbWluL3NuZWh4cTl1Ukd3","metadata":{"@type":"type.googleapis.com/google.cloud.functions.v1.OperationMetadataV1","target":"projects/tihp-mobile-app/locations/us-central1/functions/createAdmin","type":"UPDATE_FUNCTION","request":{"@type":"type.googleapis.com/google.cloud.functions.v1.CloudFunction","name":"projects/tihp-mobile-app/locations/us-central1/functions/createAdmin","httpsTrigger":{"url":"https://us-central1-tihp-mobile-app.cloudfunctions.net/createAdmin","securityLevel":"SECURE_ALWAYS"},"status":"ACTIVE","entryPoint":"createAdmin","updateTime":"2024-02-01T10:52:27.685Z","versionId":"1","labels":{"deployment-tool":"cli-firebase","firebase-functions-hash":"e90e2900ee8f4d2d5c6238e47fa9d0b2aa9573bd"},"sourceUploadUrl":"https://storage.googleapis.com/uploads-106805803527.us-central1.cloudfunctions.appspot.com/9c7dfc23-4f4c-4c26-ab0d-2b5b7af86f4e.zip?GoogleAccessId=service-1003190647448@gcf-admin-robot.iam.gserviceaccount.com&Expires=1706786680&Signature=iWIgJQdXSHExgOcOxobjWwxhXlRsdE0dx7B6%2FpK9bJNuP0t3GSLg3ZfKgtH6iVlPb8Q4wKm%2BG70SJIY%2FzFVZroY2D6E4ReWndKjpzI7HxxddYRe5GN%2FeCTEXYHtU4R8VSvvjou7wZ42mpTJOBlssg9FEg5c64R%2BDdp7jTgPNQlY6o72qgE%2FPGzRflg417ZQ93bUj094WyzCvPx7iVtqcbl8j7KBHJ3Mskrg6DSAPjepg1%2FYIlNDWHpsSTwWgfgTGGu49ewk5ZmoDRUotUZpYAaRPpGAinJIVjAb%2F5EKmJSueERp5%2FL6r1ogdOCIPV7XhTx%2FzUTlx8jHGx%2B2EjCxJvQ%3D%3D","environmentVariables":{"SMTP_USER":"zubair@chopdawg.com","SMTP_PASSWORD":"eeli rwrd aryq qexe","FIREBASE_CONFIG":"{\"projectId\":\"tihp-mobile-app\",\"storageBucket\":\"tihp-mobile-app.appspot.com\",\"locationId\":\"us-central\"}","GCLOUD_PROJECT":"tihp-mobile-app","EVENTARC_CLOUD_EVENT_SOURCE":"projects/tihp-mobile-app/locations/us-central1/functions/createAdmin"},"runtime":"nodejs18","buildId":"d79ba755-0814-455f-8bc2-9ca7c0b1fe43","buildEnvironmentVariables":{"GOOGLE_NODE_RUN_SCRIPTS":""},"buildName":"projects/1003190647448/locations/us-central1/builds/d79ba755-0814-455f-8bc2-9ca7c0b1fe43","dockerRegistry":"ARTIFACT_REGISTRY","automaticUpdatePolicy":{}},"versionId":"2","updateTime":"2024-02-01T10:54:45Z","buildId":"da62cf5c-fcb2-408b-9071-66565c727e7b","buildName":"projects/1003190647448/locations/us-central1/builds/da62cf5c-fcb2-408b-9071-66565c727e7b"}}
[debug] [2024-02-01T10:55:12.620Z] [update-default-us-central1-createAdmin] Retrying task index 0
[debug] [2024-02-01T10:55:12.621Z] >>> [apiv2][query] GET https://cloudfunctions.googleapis.com/v1/operations/dGlocC1tb2JpbGUtYXBwL3VzLWNlbnRyYWwxL2NyZWF0ZUFkbWluL3NuZWh4cTl1Ukd3 [none]
[debug] [2024-02-01T10:55:13.244Z] <<< [apiv2][status] GET https://cloudfunctions.googleapis.com/v1/operations/dGlocC1tb2JpbGUtYXBwL3VzLWNlbnRyYWwxL2NyZWF0ZUFkbWluL3NuZWh4cTl1Ukd3 200
[debug] [2024-02-01T10:55:13.244Z] <<< [apiv2][body] GET https://cloudfunctions.googleapis.com/v1/operations/dGlocC1tb2JpbGUtYXBwL3VzLWNlbnRyYWwxL2NyZWF0ZUFkbWluL3NuZWh4cTl1Ukd3 {"name":"operations/dGlocC1tb2JpbGUtYXBwL3VzLWNlbnRyYWwxL2NyZWF0ZUFkbWluL3NuZWh4cTl1Ukd3","metadata":{"@type":"type.googleapis.com/google.cloud.functions.v1.OperationMetadataV1","target":"projects/tihp-mobile-app/locations/us-central1/functions/createAdmin","type":"UPDATE_FUNCTION","request":{"@type":"type.googleapis.com/google.cloud.functions.v1.CloudFunction","name":"projects/tihp-mobile-app/locations/us-central1/functions/createAdmin","httpsTrigger":{"url":"https://us-central1-tihp-mobile-app.cloudfunctions.net/createAdmin","securityLevel":"SECURE_ALWAYS"},"status":"ACTIVE","entryPoint":"createAdmin","updateTime":"2024-02-01T10:52:27.685Z","versionId":"1","labels":{"deployment-tool":"cli-firebase","firebase-functions-hash":"e90e2900ee8f4d2d5c6238e47fa9d0b2aa9573bd"},"sourceUploadUrl":"https://storage.googleapis.com/uploads-106805803527.us-central1.cloudfunctions.appspot.com/9c7dfc23-4f4c-4c26-ab0d-2b5b7af86f4e.zip?GoogleAccessId=service-1003190647448@gcf-admin-robot.iam.gserviceaccount.com&Expires=1706786680&Signature=iWIgJQdXSHExgOcOxobjWwxhXlRsdE0dx7B6%2FpK9bJNuP0t3GSLg3ZfKgtH6iVlPb8Q4wKm%2BG70SJIY%2FzFVZroY2D6E4ReWndKjpzI7HxxddYRe5GN%2FeCTEXYHtU4R8VSvvjou7wZ42mpTJOBlssg9FEg5c64R%2BDdp7jTgPNQlY6o72qgE%2FPGzRflg417ZQ93bUj094WyzCvPx7iVtqcbl8j7KBHJ3Mskrg6DSAPjepg1%2FYIlNDWHpsSTwWgfgTGGu49ewk5ZmoDRUotUZpYAaRPpGAinJIVjAb%2F5EKmJSueERp5%2FL6r1ogdOCIPV7XhTx%2FzUTlx8jHGx%2B2EjCxJvQ%3D%3D","environmentVariables":{"SMTP_USER":"zubair@chopdawg.com","SMTP_PASSWORD":"eeli rwrd aryq qexe","FIREBASE_CONFIG":"{\"projectId\":\"tihp-mobile-app\",\"storageBucket\":\"tihp-mobile-app.appspot.com\",\"locationId\":\"us-central\"}","GCLOUD_PROJECT":"tihp-mobile-app","EVENTARC_CLOUD_EVENT_SOURCE":"projects/tihp-mobile-app/locations/us-central1/functions/createAdmin"},"runtime":"nodejs18","buildId":"d79ba755-0814-455f-8bc2-9ca7c0b1fe43","buildEnvironmentVariables":{"GOOGLE_NODE_RUN_SCRIPTS":""},"buildName":"projects/1003190647448/locations/us-central1/builds/d79ba755-0814-455f-8bc2-9ca7c0b1fe43","dockerRegistry":"ARTIFACT_REGISTRY","automaticUpdatePolicy":{}},"versionId":"2","updateTime":"2024-02-01T10:54:45Z","buildId":"da62cf5c-fcb2-408b-9071-66565c727e7b","buildName":"projects/1003190647448/locations/us-central1/builds/da62cf5c-fcb2-408b-9071-66565c727e7b"}}
[debug] [2024-02-01T10:55:23.243Z] [update-default-us-central1-createAdmin] Retrying task index 0
[debug] [2024-02-01T10:55:23.243Z] >>> [apiv2][query] GET https://cloudfunctions.googleapis.com/v1/operations/dGlocC1tb2JpbGUtYXBwL3VzLWNlbnRyYWwxL2NyZWF0ZUFkbWluL3NuZWh4cTl1Ukd3 [none]
[debug] [2024-02-01T10:55:23.871Z] <<< [apiv2][status] GET https://cloudfunctions.googleapis.com/v1/operations/dGlocC1tb2JpbGUtYXBwL3VzLWNlbnRyYWwxL2NyZWF0ZUFkbWluL3NuZWh4cTl1Ukd3 200
[debug] [2024-02-01T10:55:23.871Z] <<< [apiv2][body] GET https://cloudfunctions.googleapis.com/v1/operations/dGlocC1tb2JpbGUtYXBwL3VzLWNlbnRyYWwxL2NyZWF0ZUFkbWluL3NuZWh4cTl1Ukd3 {"name":"operations/dGlocC1tb2JpbGUtYXBwL3VzLWNlbnRyYWwxL2NyZWF0ZUFkbWluL3NuZWh4cTl1Ukd3","metadata":{"@type":"type.googleapis.com/google.cloud.functions.v1.OperationMetadataV1","target":"projects/tihp-mobile-app/locations/us-central1/functions/createAdmin","type":"UPDATE_FUNCTION","request":{"@type":"type.googleapis.com/google.cloud.functions.v1.CloudFunction","name":"projects/tihp-mobile-app/locations/us-central1/functions/createAdmin","httpsTrigger":{"url":"https://us-central1-tihp-mobile-app.cloudfunctions.net/createAdmin","securityLevel":"SECURE_ALWAYS"},"status":"ACTIVE","entryPoint":"createAdmin","updateTime":"2024-02-01T10:52:27.685Z","versionId":"1","labels":{"deployment-tool":"cli-firebase","firebase-functions-hash":"e90e2900ee8f4d2d5c6238e47fa9d0b2aa9573bd"},"sourceUploadUrl":"https://storage.googleapis.com/uploads-106805803527.us-central1.cloudfunctions.appspot.com/9c7dfc23-4f4c-4c26-ab0d-2b5b7af86f4e.zip?GoogleAccessId=service-1003190647448@gcf-admin-robot.iam.gserviceaccount.com&Expires=1706786680&Signature=iWIgJQdXSHExgOcOxobjWwxhXlRsdE0dx7B6%2FpK9bJNuP0t3GSLg3ZfKgtH6iVlPb8Q4wKm%2BG70SJIY%2FzFVZroY2D6E4ReWndKjpzI7HxxddYRe5GN%2FeCTEXYHtU4R8VSvvjou7wZ42mpTJOBlssg9FEg5c64R%2BDdp7jTgPNQlY6o72qgE%2FPGzRflg417ZQ93bUj094WyzCvPx7iVtqcbl8j7KBHJ3Mskrg6DSAPjepg1%2FYIlNDWHpsSTwWgfgTGGu49ewk5ZmoDRUotUZpYAaRPpGAinJIVjAb%2F5EKmJSueERp5%2FL6r1ogdOCIPV7XhTx%2FzUTlx8jHGx%2B2EjCxJvQ%3D%3D","environmentVariables":{"SMTP_USER":"zubair@chopdawg.com","SMTP_PASSWORD":"eeli rwrd aryq qexe","FIREBASE_CONFIG":"{\"projectId\":\"tihp-mobile-app\",\"storageBucket\":\"tihp-mobile-app.appspot.com\",\"locationId\":\"us-central\"}","GCLOUD_PROJECT":"tihp-mobile-app","EVENTARC_CLOUD_EVENT_SOURCE":"projects/tihp-mobile-app/locations/us-central1/functions/createAdmin"},"runtime":"nodejs18","buildId":"d79ba755-0814-455f-8bc2-9ca7c0b1fe43","buildEnvironmentVariables":{"GOOGLE_NODE_RUN_SCRIPTS":""},"buildName":"projects/1003190647448/locations/us-central1/builds/d79ba755-0814-455f-8bc2-9ca7c0b1fe43","dockerRegistry":"ARTIFACT_REGISTRY","automaticUpdatePolicy":{}},"versionId":"2","updateTime":"2024-02-01T10:54:45Z","buildId":"da62cf5c-fcb2-408b-9071-66565c727e7b","buildName":"projects/1003190647448/locations/us-central1/builds/da62cf5c-fcb2-408b-9071-66565c727e7b"}}
